<?xml version="1.0" encoding="UTF-8"?>
<!-- Generated by org.testng.reporters.JUnitReportReporter -->
<testsuite hostname="Radhika" failures="0" tests="1" name="basic.MyMultipleWindow" time="19.934" errors="0" timestamp="2023-07-12T15:27:16 IST" skipped="0">
  <testcase classname="basic.MyMultipleWindow" name="TestCase" time="19.934"/>
</testsuite> <!-- basic.MyMultipleWindow -->
