<?xml version="1.0" encoding="UTF-8"?>
<!-- Generated by org.testng.reporters.JUnitReportReporter -->
<testsuite hostname="Radhika" failures="0" tests="1" name="keyworddriven.KeywordDrivenScript1" time="4.421" errors="0" timestamp="2023-07-09T10:16:49 IST" skipped="0">
  <testcase classname="keyworddriven.KeywordDrivenScript1" name="loginFacebook" time="4.421"/>
</testsuite> <!-- keyworddriven.KeywordDrivenScript1 -->
