<?xml version="1.0" encoding="UTF-8"?>
<!-- Generated by org.testng.reporters.JUnitReportReporter -->
<testsuite hostname="Radhika" failures="0" tests="1" name="Practice_Programs.B24SkillTestCase" time="5.460" errors="0" timestamp="2023-07-07T20:46:19 IST" skipped="0">
  <testcase classname="Practice_Programs.B24SkillTestCase" name="TestCase1" time="5.460"/>
</testsuite> <!-- Practice_Programs.B24SkillTestCase -->
