<?xml version="1.0" encoding="UTF-8"?>
<!-- Generated by org.testng.reporters.JUnitReportReporter -->
<testsuite hostname="Radhika" failures="0" tests="1" name="exercise.SkillTest2" time="6.100" errors="0" timestamp="2023-07-13T10:51:41 IST" skipped="0">
  <testcase classname="exercise.SkillTest2" name="TestCase2" time="6.100"/>
</testsuite> <!-- exercise.SkillTest2 -->
