<?xml version="1.0" encoding="UTF-8"?>
<!-- Generated by org.testng.reporters.JUnitReportReporter -->
<testsuite hostname="Radhika" failures="0" tests="1" name="advanced.MyTableGridAuto" time="19.274" errors="0" timestamp="2023-07-07T20:46:19 IST" skipped="0">
  <testcase classname="advanced.MyTableGridAuto" name="testAlert" time="19.274"/>
</testsuite> <!-- advanced.MyTableGridAuto -->
