<?xml version="1.0" encoding="UTF-8"?>
<!-- Generated by org.testng.reporters.JUnitReportReporter -->
<testsuite hostname="Radhika" failures="0" tests="4" name="TestNGB24.MyGroupA" time="0.013" errors="0" timestamp="2023-07-07T15:57:37 IST" skipped="0">
  <testcase classname="TestNGB24.MyGroupA" name="test3" time="0.001"/>
  <testcase classname="TestNGB24.MyGroupA" name="test2" time="0.001"/>
  <testcase classname="TestNGB24.MyGroupA" name="test1" time="0.009"/>
  <testcase classname="TestNGB24.MyGroupA" name="test4" time="0.002"/>
</testsuite> <!-- TestNGB24.MyGroupA -->
