<?xml version="1.0" encoding="UTF-8"?>
<!-- Generated by org.testng.reporters.JUnitReportReporter -->
<testsuite hostname="Radhika" failures="0" tests="1" name="advanced.MyShifttabDemo" time="3.655" errors="0" timestamp="2023-07-12T09:54:19 IST" skipped="0">
  <testcase classname="advanced.MyShifttabDemo" name="Test" time="3.655"/>
</testsuite> <!-- advanced.MyShifttabDemo -->
