<?xml version="1.0" encoding="UTF-8"?>
<!-- Generated by org.testng.reporters.JUnitReportReporter -->
<testsuite hostname="Radhika" failures="0" tests="1" name="basic.MyFileDownloadChrome" time="20.432" errors="0" timestamp="2023-07-07T20:46:19 IST" skipped="0">
  <testcase classname="basic.MyFileDownloadChrome" name="myDownload" time="20.432"/>
</testsuite> <!-- basic.MyFileDownloadChrome -->
