<?xml version="1.0" encoding="UTF-8"?>
<!-- Generated by org.testng.reporters.JUnitReportReporter -->
<testsuite hostname="Radhika" failures="0" tests="1" name="exercise.SkillsTestCase" time="7.521" errors="0" timestamp="2023-07-13T10:35:40 IST" skipped="0">
  <testcase classname="exercise.SkillsTestCase" name="TestCase1" time="7.521"/>
</testsuite> <!-- exercise.SkillsTestCase -->
