<?xml version="1.0" encoding="UTF-8"?>
<!-- Generated by org.testng.reporters.JUnitReportReporter -->
<testsuite hostname="Radhika" failures="0" tests="1" name="basic.SeliniumTest_Firefox" time="4.365" errors="0" timestamp="2023-07-07T20:46:19 IST" skipped="0">
  <testcase classname="basic.SeliniumTest_Firefox" name="testCase1" time="4.365"/>
</testsuite> <!-- basic.SeliniumTest_Firefox -->
