<?xml version="1.0" encoding="UTF-8"?>
<!-- Generated by org.testng.reporters.JUnitReportReporter -->
<testsuite hostname="Radhika" failures="0" tests="1" name="exercise.SelectMultipleLanguages" time="11.960" errors="0" timestamp="2023-07-08T12:15:31 IST" skipped="0">
  <testcase classname="exercise.SelectMultipleLanguages" name="TestCase1" time="11.960"/>
</testsuite> <!-- exercise.SelectMultipleLanguages -->
