<?xml version="1.0" encoding="UTF-8"?>
<!-- Generated by org.testng.reporters.JUnitReportReporter -->
<testsuite hostname="Radhika" failures="0" tests="1" name="basic.MyFileAttachment" time="3.853" errors="0" timestamp="2023-07-07T20:46:19 IST" skipped="0">
  <testcase classname="basic.MyFileAttachment" name="TestCase2" time="3.853"/>
</testsuite> <!-- basic.MyFileAttachment -->
