<?xml version="1.0" encoding="UTF-8"?>
<!-- Generated by org.testng.reporters.JUnitReportReporter -->
<testsuite hostname="Radhika" failures="0" tests="1" name="basic.SeliniumTest_Edge" time="4.142" errors="0" timestamp="2023-07-07T20:46:19 IST" skipped="0">
  <testcase classname="basic.SeliniumTest_Edge" name="testCase1" time="4.142"/>
</testsuite> <!-- basic.SeliniumTest_Edge -->
