<?xml version="1.0" encoding="UTF-8"?>
<!-- Generated by org.testng.reporters.JUnitReportReporter -->
<testsuite hostname="Radhika" failures="0" tests="3" name="TestNGB24.MyGroupB" time="0.004" errors="0" timestamp="2023-07-07T15:57:37 IST" skipped="0">
  <testcase classname="TestNGB24.MyGroupB" name="test21" time="0.001"/>
  <testcase classname="TestNGB24.MyGroupB" name="test31" time="0.001"/>
  <testcase classname="TestNGB24.MyGroupB" name="test41" time="0.002"/>
</testsuite> <!-- TestNGB24.MyGroupB -->
