<?xml version="1.0" encoding="UTF-8"?>
<!-- Generated by org.testng.reporters.JUnitReportReporter -->
<testsuite hostname="Radhika" failures="0" tests="4" name="datadriven.MyDataDrivenScript1" time="0.018" errors="0" timestamp="2023-07-12T10:58:01 IST" skipped="0">
  <testcase classname="datadriven.MyDataDrivenScript1" name="loginToFacebook" time="0.011"/>
  <testcase classname="datadriven.MyDataDrivenScript1" name="loginToFacebook" time="0.001"/>
  <testcase classname="datadriven.MyDataDrivenScript1" name="loginToFacebook" time="0.003"/>
  <testcase classname="datadriven.MyDataDrivenScript1" name="loginToFacebook" time="0.003"/>
</testsuite> <!-- datadriven.MyDataDrivenScript1 -->
