<?xml version="1.0" encoding="UTF-8"?>
<!-- Generated by org.testng.reporters.JUnitReportReporter -->
<testsuite hostname="Radhika" failures="0" tests="4" name="TestNGB24.ParallelClassB" time="40.050" errors="0" timestamp="2023-07-02T11:49:51 IST" skipped="0">
  <testcase classname="TestNGB24.ParallelClassB" name="myTest1" time="10.020"/>
  <testcase classname="TestNGB24.ParallelClassB" name="myTest4" time="10.012"/>
  <testcase classname="TestNGB24.ParallelClassB" name="myTest2" time="10.012"/>
  <testcase classname="TestNGB24.ParallelClassB" name="myTest3" time="10.006"/>
</testsuite> <!-- TestNGB24.ParallelClassB -->
