<?xml version="1.0" encoding="UTF-8"?>
<!-- Generated by org.testng.reporters.JUnitReportReporter -->
<testsuite hostname="Radhika" failures="0" tests="1" name="basic.MyScreenShot" time="3.301" errors="0" timestamp="2023-07-07T13:09:28 IST" skipped="0">
  <testcase classname="basic.MyScreenShot" name="Test" time="3.301"/>
</testsuite> <!-- basic.MyScreenShot -->
