<?xml version="1.0" encoding="UTF-8"?>
<!-- Generated by org.testng.reporters.JUnitReportReporter -->
<testsuite hostname="Radhika" failures="0" tests="1" name="basic.B24nestedframeForm" time="21.569" errors="0" timestamp="2023-07-03T10:46:53 IST" skipped="0">
  <testcase classname="basic.B24nestedframeForm" name="TestCase" time="21.569"/>
</testsuite> <!-- basic.B24nestedframeForm -->
