<?xml version="1.0" encoding="UTF-8"?>
<!-- Generated by org.testng.reporters.JUnitReportReporter -->
<testsuite hostname="Radhika" failures="0" tests="1" name="basic.MyShifttabDemo" time="2.581" errors="0" timestamp="2023-07-02T18:06:33 IST" skipped="0">
  <testcase classname="basic.MyShifttabDemo" name="Test" time="2.581"/>
</testsuite> <!-- basic.MyShifttabDemo -->
