<?xml version="1.0" encoding="UTF-8"?>
<!-- Generated by org.testng.reporters.JUnitReportReporter -->
<testsuite hostname="Radhika" failures="0" tests="1" name="basic.MyDragandDrop" time="7.003" errors="0" timestamp="2023-07-10T12:26:23 IST" skipped="0">
  <testcase classname="basic.MyDragandDrop" name="Test" time="7.003"/>
</testsuite> <!-- basic.MyDragandDrop -->
