<?xml version="1.0" encoding="UTF-8"?>
<!-- Generated by org.testng.reporters.JUnitReportReporter -->
<testsuite hostname="Radhika" failures="0" tests="1" name="basic.SeliniumTest_Chrome" time="2.740" errors="0" timestamp="2023-07-07T20:46:19 IST" skipped="0">
  <testcase classname="basic.SeliniumTest_Chrome" name="testCase1" time="2.740"/>
</testsuite> <!-- basic.SeliniumTest_Chrome -->
