<?xml version="1.0" encoding="UTF-8"?>
<!-- Generated by org.testng.reporters.JUnitReportReporter -->
<testsuite hostname="Radhika" failures="0" tests="5" name="TestNGB24.ParallelMethod" time="50.071" errors="0" timestamp="2023-07-07T15:42:17 IST" skipped="0">
  <testcase classname="TestNGB24.ParallelMethod" name="myTest1" time="10.014"/>
  <testcase classname="TestNGB24.ParallelMethod" name="myTest3" time="10.015"/>
  <testcase classname="TestNGB24.ParallelMethod" name="myTest4" time="10.015"/>
  <testcase classname="TestNGB24.ParallelMethod" name="myTest5" time="10.012"/>
  <testcase classname="TestNGB24.ParallelMethod" name="myTest2" time="10.015"/>
</testsuite> <!-- TestNGB24.ParallelMethod -->
