<?xml version="1.0" encoding="UTF-8"?>
<!-- Generated by org.testng.reporters.JUnitReportReporter -->
<testsuite hostname="Radhika" failures="0" tests="1" name="basic.SeliniumTest" time="25.886" errors="0" timestamp="2023-06-19T10:35:18 IST" skipped="0">
  <testcase classname="basic.SeliniumTest" name="testCase1" time="25.886"/>
</testsuite> <!-- basic.SeliniumTest -->
