<?xml version="1.0" encoding="UTF-8"?>
<!-- Generated by org.testng.reporters.JUnitReportReporter -->
<testsuite hostname="Radhika" failures="0" tests="3" name="TestNGB24.TestNGenabledDisabled" time="0.007" errors="0" timestamp="2023-07-02T10:04:17 IST" skipped="1">
  <testcase classname="TestNGB24.TestNGenabledDisabled" name="myTest3" time="0.000"/>
  <testcase classname="TestNGB24.TestNGenabledDisabled" name="myTest2" time="0.007"/>
  <testcase classname="TestNGB24.TestNGenabledDisabled" name="myTest1">
    <skipped/>
  </testcase> <!-- myTest1 -->
</testsuite> <!-- TestNGB24.TestNGenabledDisabled -->
